2026-04-16T17:41:45.376Z\nTypeError: Cannot read properties of null (reading 'id')
    at POST (C:\PantharInfoHub2nd\bhavyam-properties\app\web\.next\dev\server\chunks\[root-of-the-server]__ef1a8993._.js:251:30)
    at async AppRouteRouteModule.do (C:\PantharInfoHub2nd\bhavyam-properties\app\web\node_modules\next\dist\compiled\next-server\app-route-turbo.runtime.dev.js:5:37866)
    at async AppRouteRouteModule.handle (C:\PantharInfoHub2nd\bhavyam-properties\app\web\node_modules\next\dist\compiled\next-server\app-route-turbo.runtime.dev.js:5:45156)
    at async responseGenerator (C:\PantharInfoHub2nd\bhavyam-properties\app\web\.next\dev\server\chunks\node_modules_next_5cc43b8a._.js:16529:38)
    at async AppRouteRouteModule.handleResponse (C:\PantharInfoHub2nd\bhavyam-properties\app\web\node_modules\next\dist\compiled\next-server\app-route-turbo.runtime.dev.js:1:191938)
    at async handleResponse (C:\PantharInfoHub2nd\bhavyam-properties\app\web\.next\dev\server\chunks\node_modules_next_5cc43b8a._.js:16592:32)
    at async Module.handler (C:\PantharInfoHub2nd\bhavyam-properties\app\web\.next\dev\server\chunks\node_modules_next_5cc43b8a._.js:16645:13)
    at async DevServer.renderToResponseWithComponentsImpl (C:\PantharInfoHub2nd\bhavyam-properties\app\web\node_modules\next\dist\server\base-server.js:1442:9)
    at async DevServer.renderPageComponent (C:\PantharInfoHub2nd\bhavyam-properties\app\web\node_modules\next\dist\server\base-server.js:1494:24)
    at async DevServer.renderToResponseImpl (C:\PantharInfoHub2nd\bhavyam-properties\app\web\node_modules\next\dist\server\base-server.js:1544:32)
    at async DevServer.pipeImpl (C:\PantharInfoHub2nd\bhavyam-properties\app\web\node_modules\next\dist\server\base-server.js:1038:25)
    at async NextNodeServer.handleCatchallRenderRequest (C:\PantharInfoHub2nd\bhavyam-properties\app\web\node_modules\next\dist\server\next-server.js:395:17)
    at async DevServer.handleRequestImpl (C:\PantharInfoHub2nd\bhavyam-properties\app\web\node_modules\next\dist\server\base-server.js:929:17)
    at async C:\PantharInfoHub2nd\bhavyam-properties\app\web\node_modules\next\dist\server\dev\next-dev-server.js:387:20
    at async Span.traceAsyncFn (C:\PantharInfoHub2nd\bhavyam-properties\app\web\node_modules\next\dist\trace\trace.js:157:20)
    at async DevServer.handleRequest (C:\PantharInfoHub2nd\bhavyam-properties\app\web\node_modules\next\dist\server\dev\next-dev-server.js:383:24)
    at async invokeRender (C:\PantharInfoHub2nd\bhavyam-properties\app\web\node_modules\next\dist\server\lib\router-server.js:248:21)
    at async handleRequest (C:\PantharInfoHub2nd\bhavyam-properties\app\web\node_modules\next\dist\server\lib\router-server.js:447:24)
    at async requestHandlerImpl (C:\PantharInfoHub2nd\bhavyam-properties\app\web\node_modules\next\dist\server\lib\router-server.js:496:13)
    at async Server.requestListener (C:\PantharInfoHub2nd\bhavyam-properties\app\web\node_modules\next\dist\server\lib\start-server.js:226:13)\n\n2026-04-16T18:04:42.943Z\nError: Failed to log transaction
    at POST (C:\PantharInfoHub2nd\bhavyam-properties\app\web\.next\dev\server\chunks\[root-of-the-server]__ef1a8993._.js:274:19)
    at process.processTicksAndRejections (node:internal/process/task_queues:105:5)
    at async AppRouteRouteModule.do (C:\PantharInfoHub2nd\bhavyam-properties\app\web\node_modules\next\dist\compiled\next-server\app-route-turbo.runtime.dev.js:5:37866)
    at async AppRouteRouteModule.handle (C:\PantharInfoHub2nd\bhavyam-properties\app\web\node_modules\next\dist\compiled\next-server\app-route-turbo.runtime.dev.js:5:45156)
    at async responseGenerator (C:\PantharInfoHub2nd\bhavyam-properties\app\web\.next\dev\server\chunks\node_modules_next_5cc43b8a._.js:16529:38)
    at async AppRouteRouteModule.handleResponse (C:\PantharInfoHub2nd\bhavyam-properties\app\web\node_modules\next\dist\compiled\next-server\app-route-turbo.runtime.dev.js:1:191938)
    at async handleResponse (C:\PantharInfoHub2nd\bhavyam-properties\app\web\.next\dev\server\chunks\node_modules_next_5cc43b8a._.js:16592:32)
    at async Module.handler (C:\PantharInfoHub2nd\bhavyam-properties\app\web\.next\dev\server\chunks\node_modules_next_5cc43b8a._.js:16645:13)
    at async DevServer.renderToResponseWithComponentsImpl (C:\PantharInfoHub2nd\bhavyam-properties\app\web\node_modules\next\dist\server\base-server.js:1442:9)
    at async DevServer.renderPageComponent (C:\PantharInfoHub2nd\bhavyam-properties\app\web\node_modules\next\dist\server\base-server.js:1494:24)
    at async DevServer.renderToResponseImpl (C:\PantharInfoHub2nd\bhavyam-properties\app\web\node_modules\next\dist\server\base-server.js:1544:32)
    at async DevServer.pipeImpl (C:\PantharInfoHub2nd\bhavyam-properties\app\web\node_modules\next\dist\server\base-server.js:1038:25)
    at async NextNodeServer.handleCatchallRenderRequest (C:\PantharInfoHub2nd\bhavyam-properties\app\web\node_modules\next\dist\server\next-server.js:395:17)
    at async DevServer.handleRequestImpl (C:\PantharInfoHub2nd\bhavyam-properties\app\web\node_modules\next\dist\server\base-server.js:929:17)
    at async C:\PantharInfoHub2nd\bhavyam-properties\app\web\node_modules\next\dist\server\dev\next-dev-server.js:387:20
    at async Span.traceAsyncFn (C:\PantharInfoHub2nd\bhavyam-properties\app\web\node_modules\next\dist\trace\trace.js:157:20)
    at async DevServer.handleRequest (C:\PantharInfoHub2nd\bhavyam-properties\app\web\node_modules\next\dist\server\dev\next-dev-server.js:383:24)
    at async invokeRender (C:\PantharInfoHub2nd\bhavyam-properties\app\web\node_modules\next\dist\server\lib\router-server.js:248:21)
    at async handleRequest (C:\PantharInfoHub2nd\bhavyam-properties\app\web\node_modules\next\dist\server\lib\router-server.js:447:24)
    at async requestHandlerImpl (C:\PantharInfoHub2nd\bhavyam-properties\app\web\node_modules\next\dist\server\lib\router-server.js:496:13)
    at async Server.requestListener (C:\PantharInfoHub2nd\bhavyam-properties\app\web\node_modules\next\dist\server\lib\start-server.js:226:13)\n\n2026-04-16T19:14:27.025Z\nError: Failed to log transaction
    at POST (C:\PantharInfoHub2nd\bhavyam-properties\app\web\.next\dev\server\chunks\[root-of-the-server]__ef1a8993._.js:274:19)
    at process.processTicksAndRejections (node:internal/process/task_queues:105:5)
    at async AppRouteRouteModule.do (C:\PantharInfoHub2nd\bhavyam-properties\app\web\node_modules\next\dist\compiled\next-server\app-route-turbo.runtime.dev.js:5:37866)
    at async AppRouteRouteModule.handle (C:\PantharInfoHub2nd\bhavyam-properties\app\web\node_modules\next\dist\compiled\next-server\app-route-turbo.runtime.dev.js:5:45156)
    at async responseGenerator (C:\PantharInfoHub2nd\bhavyam-properties\app\web\.next\dev\server\chunks\node_modules_next_5cc43b8a._.js:16529:38)
    at async AppRouteRouteModule.handleResponse (C:\PantharInfoHub2nd\bhavyam-properties\app\web\node_modules\next\dist\compiled\next-server\app-route-turbo.runtime.dev.js:1:191938)
    at async handleResponse (C:\PantharInfoHub2nd\bhavyam-properties\app\web\.next\dev\server\chunks\node_modules_next_5cc43b8a._.js:16592:32)
    at async Module.handler (C:\PantharInfoHub2nd\bhavyam-properties\app\web\.next\dev\server\chunks\node_modules_next_5cc43b8a._.js:16645:13)
    at async DevServer.renderToResponseWithComponentsImpl (C:\PantharInfoHub2nd\bhavyam-properties\app\web\node_modules\next\dist\server\base-server.js:1442:9)
    at async DevServer.renderPageComponent (C:\PantharInfoHub2nd\bhavyam-properties\app\web\node_modules\next\dist\server\base-server.js:1494:24)
    at async DevServer.renderToResponseImpl (C:\PantharInfoHub2nd\bhavyam-properties\app\web\node_modules\next\dist\server\base-server.js:1544:32)
    at async DevServer.pipeImpl (C:\PantharInfoHub2nd\bhavyam-properties\app\web\node_modules\next\dist\server\base-server.js:1038:25)
    at async NextNodeServer.handleCatchallRenderRequest (C:\PantharInfoHub2nd\bhavyam-properties\app\web\node_modules\next\dist\server\next-server.js:395:17)
    at async DevServer.handleRequestImpl (C:\PantharInfoHub2nd\bhavyam-properties\app\web\node_modules\next\dist\server\base-server.js:929:17)
    at async C:\PantharInfoHub2nd\bhavyam-properties\app\web\node_modules\next\dist\server\dev\next-dev-server.js:387:20
    at async Span.traceAsyncFn (C:\PantharInfoHub2nd\bhavyam-properties\app\web\node_modules\next\dist\trace\trace.js:157:20)
    at async DevServer.handleRequest (C:\PantharInfoHub2nd\bhavyam-properties\app\web\node_modules\next\dist\server\dev\next-dev-server.js:383:24)
    at async invokeRender (C:\PantharInfoHub2nd\bhavyam-properties\app\web\node_modules\next\dist\server\lib\router-server.js:248:21)
    at async handleRequest (C:\PantharInfoHub2nd\bhavyam-properties\app\web\node_modules\next\dist\server\lib\router-server.js:447:24)
    at async requestHandlerImpl (C:\PantharInfoHub2nd\bhavyam-properties\app\web\node_modules\next\dist\server\lib\router-server.js:496:13)
    at async Server.requestListener (C:\PantharInfoHub2nd\bhavyam-properties\app\web\node_modules\next\dist\server\lib\start-server.js:226:13)\n\n2026-04-16T19:15:08.930Z\nError: Failed to log transaction
    at POST (C:\PantharInfoHub2nd\bhavyam-properties\app\web\.next\dev\server\chunks\[root-of-the-server]__ef1a8993._.js:274:19)
    at process.processTicksAndRejections (node:internal/process/task_queues:105:5)
    at async AppRouteRouteModule.do (C:\PantharInfoHub2nd\bhavyam-properties\app\web\node_modules\next\dist\compiled\next-server\app-route-turbo.runtime.dev.js:5:37866)
    at async AppRouteRouteModule.handle (C:\PantharInfoHub2nd\bhavyam-properties\app\web\node_modules\next\dist\compiled\next-server\app-route-turbo.runtime.dev.js:5:45156)
    at async responseGenerator (C:\PantharInfoHub2nd\bhavyam-properties\app\web\.next\dev\server\chunks\node_modules_next_5cc43b8a._.js:16529:38)
    at async AppRouteRouteModule.handleResponse (C:\PantharInfoHub2nd\bhavyam-properties\app\web\node_modules\next\dist\compiled\next-server\app-route-turbo.runtime.dev.js:1:191938)
    at async handleResponse (C:\PantharInfoHub2nd\bhavyam-properties\app\web\.next\dev\server\chunks\node_modules_next_5cc43b8a._.js:16592:32)
    at async Module.handler (C:\PantharInfoHub2nd\bhavyam-properties\app\web\.next\dev\server\chunks\node_modules_next_5cc43b8a._.js:16645:13)
    at async DevServer.renderToResponseWithComponentsImpl (C:\PantharInfoHub2nd\bhavyam-properties\app\web\node_modules\next\dist\server\base-server.js:1442:9)
    at async DevServer.renderPageComponent (C:\PantharInfoHub2nd\bhavyam-properties\app\web\node_modules\next\dist\server\base-server.js:1494:24)
    at async DevServer.renderToResponseImpl (C:\PantharInfoHub2nd\bhavyam-properties\app\web\node_modules\next\dist\server\base-server.js:1544:32)
    at async DevServer.pipeImpl (C:\PantharInfoHub2nd\bhavyam-properties\app\web\node_modules\next\dist\server\base-server.js:1038:25)
    at async NextNodeServer.handleCatchallRenderRequest (C:\PantharInfoHub2nd\bhavyam-properties\app\web\node_modules\next\dist\server\next-server.js:395:17)
    at async DevServer.handleRequestImpl (C:\PantharInfoHub2nd\bhavyam-properties\app\web\node_modules\next\dist\server\base-server.js:929:17)
    at async C:\PantharInfoHub2nd\bhavyam-properties\app\web\node_modules\next\dist\server\dev\next-dev-server.js:387:20
    at async Span.traceAsyncFn (C:\PantharInfoHub2nd\bhavyam-properties\app\web\node_modules\next\dist\trace\trace.js:157:20)
    at async DevServer.handleRequest (C:\PantharInfoHub2nd\bhavyam-properties\app\web\node_modules\next\dist\server\dev\next-dev-server.js:383:24)
    at async invokeRender (C:\PantharInfoHub2nd\bhavyam-properties\app\web\node_modules\next\dist\server\lib\router-server.js:248:21)
    at async handleRequest (C:\PantharInfoHub2nd\bhavyam-properties\app\web\node_modules\next\dist\server\lib\router-server.js:447:24)
    at async requestHandlerImpl (C:\PantharInfoHub2nd\bhavyam-properties\app\web\node_modules\next\dist\server\lib\router-server.js:496:13)
    at async Server.requestListener (C:\PantharInfoHub2nd\bhavyam-properties\app\web\node_modules\next\dist\server\lib\start-server.js:226:13)\n\n